<html>
<head>
<title>TestNG:  Default test</title>
<link href="../testng.css" rel="stylesheet" type="text/css" />
<link href="../my-testng.css" rel="stylesheet" type="text/css" />

<style type="text/css">
.log { display: none;} 
.stack-trace { display: none;} 
</style>
<script type="text/javascript">
<!--
function flip(e) {
  current = e.style.display;
  if (current == 'block') {
    e.style.display = 'none';
    return 0;
  }
  else {
    e.style.display = 'block';
    return 1;
  }
}

function toggleBox(szDivId, elem, msg1, msg2)
{
  var res = -1;  if (document.getElementById) {
    res = flip(document.getElementById(szDivId));
  }
  else if (document.all) {
    // this is the way old msie versions work
    res = flip(document.all[szDivId]);
  }
  if(elem) {
    if(res == 0) elem.innerHTML = msg1; else elem.innerHTML = msg2;
  }

}

function toggleAllBoxes() {
  if (document.getElementsByTagName) {
    d = document.getElementsByTagName('div');
    for (i = 0; i < d.length; i++) {
      if (d[i].className == 'log') {
        flip(d[i]);
      }
    }
  }
}

// -->
</script>

</head>
<body>
<h2 align='center'>Default test</h2><table border='1' align="center">
<tr>
<td>Tests passed/Failed/Skipped:</td><td>21/1/0</td>
</tr><tr>
<td>Started on:</td><td>Wed Feb 07 19:34:01 IST 2024</td>
</tr>
<tr><td>Total time:</td><td>52 seconds (52735 ms)</td>
</tr><tr>
<td>Included groups:</td><td></td>
</tr><tr>
<td>Excluded groups:</td><td></td>
</tr>
</table><p/>
<small><i>(Hover the method name to see the test class name)</i></small><p/>
<table width='100%' border='1' class='invocation-failed'>
<tr><td colspan='4' align='center'><b>FAILED TESTS</b></td></tr>
<tr><td><b>Test method</b></td>
<td width="30%"><b>Exception</b></td>
<td width="10%"><b>Time (seconds)</b></td>
<td><b>Instance</b></td>
</tr>
<tr>
<td title='Internship_Project_2.Project_2_main.Testcase15()'><b>Testcase15</b><br>Test class: Internship_Project_2.Project_2_main</td>
<td><div><pre>org.openqa.selenium.NoSuchElementException: no such element: Unable to locate element: {&quot;method&quot;:&quot;css selector&quot;,&quot;selector&quot;:&quot;#\/\/textarea\[\@name\=\&apos;message\&apos;\]&quot;}
  (Session info: chrome=121.0.6167.140)
For documentation on this error, please visit: https://www.selenium.dev/documentation/webdriver/troubleshooting/errors#no-such-element-exception
Build info: version: &apos;4.15.0&apos;, revision: &apos;1d14b5521b&apos;
System info: os.name: &apos;Windows 11&apos;, os.arch: &apos;amd64&apos;, os.version: &apos;10.0&apos;, java.version: &apos;17.0.8.1&apos;
Driver info: org.openqa.selenium.chrome.ChromeDriver
Command: [348e288da36927872836a9606e46e4ed, findElement {using=id, value=//textarea[@name=&apos;message&apos;]}]
Capabilities {acceptInsecureCerts: false, browserName: chrome, browserVersion: 121.0.6167.140, chrome: {chromedriverVersion: 121.0.6167.85 (3f98d690ad7e..., userDataDir: C:\Users\user\AppData\Local...}, fedcm:accounts: true, goog:chromeOptions: {debuggerAddress: localhost:55328}, networkConnectionEnabled: false, pageLoadStrategy: normal, platformName: windows, proxy: Proxy(), se:cdp: ws://localhost:55328/devtoo..., se:cdpVersion: 121.0.6167.140, setWindowRect: true, strictFileInteractability: false, timeouts: {implicit: 0, pageLoad: 300000, script: 30000}, unhandledPromptBehavior: dismiss and notify, webauthn:extension:credBlob: true, webauthn:extension:largeBlob: true, webauthn:extension:minPinLength: true, webauthn:extension:prf: true, webauthn:virtualAuthenticators: true}
Session ID: 348e288da36927872836a9606e46e4ed
	at java.base/jdk.internal.reflect.NativeConstructorAccessorImpl.newInstance0(Native Method)
	at java.base/jdk.internal.reflect.NativeConstructorAccessorImpl.newInstance(NativeConstructorAccessorImpl.java:77)
	at java.base/jdk.internal.reflect.DelegatingConstructorAccessorImpl.newInstance(DelegatingConstructorAccessorImpl.java:45)
	at java.base/java.lang.reflect.Constructor.newInstanceWithCaller(Constructor.java:499)
	at java.base/java.lang.reflect.Constructor.newInstance(Constructor.java:480)
	at org.openqa.selenium.remote.codec.w3c.W3CHttpResponseCodec.createException(W3CHttpResponseCodec.java:200)
	at org.openqa.selenium.remote.codec.w3c.W3CHttpResponseCodec.decode(W3CHttpResponseCodec.java:133)
	at org.openqa.selenium.remote.codec.w3c.W3CHttpResponseCodec.decode(W3CHttpResponseCodec.java:52)
	at org.openqa.selenium.remote.HttpCommandExecutor.execute(HttpCommandExecutor.java:191)
	at org.openqa.selenium.remote.service.DriverCommandExecutor.invokeExecute(DriverCommandExecutor.java:200)
	at org.openqa.selenium.remote.service.DriverCommandExecutor.execute(DriverCommandExecutor.java:175)
	at org.openqa.selenium.remote.RemoteWebDriver.execute(RemoteWebDriver.java:607)
	at org.openqa.selenium.remote.ElementLocation$ElementFinder$2.findElement(ElementLocation.java:165)
	at org.openqa.selenium.remote.ElementLocation.findElement(ElementLocation.java:59)
	at org.openqa.selenium.remote.RemoteWebDriver.findElement(RemoteWebDriver.java:364)
	at org.openqa.selenium.remote.RemoteWebDriver.findElement(RemoteWebDriver.java:358)
	at Internship_Project_2.Project_2.Testcase15(Project_2.java:1258)
	at Internship_Project_2.Project_2_main.Testcase15(Project_2_main.java:126)
	at java.base/jdk.internal.reflect.NativeMethodAccessorImpl.invoke0(Native Method)
	at java.base/jdk.internal.reflect.NativeMethodAccessorImpl.invoke(NativeMethodAccessorImpl.java:77)
	at java.base/jdk.internal.reflect.DelegatingMethodAccessorImpl.invoke(DelegatingMethodAccessorImpl.java:43)
	at java.base/java.lang.reflect.Method.invoke(Method.java:568)
	at org.testng.internal.MethodInvocationHelper.invokeMethod(MethodInvocationHelper.java:133)
	at org.testng.internal.TestInvoker.invokeMethod(TestInvoker.java:598)
	at org.testng.internal.TestInvoker.invokeTestMethod(TestInvoker.java:173)
	at org.testng.internal.MethodRunner.runInSequence(MethodRunner.java:46)
	at org.testng.internal.TestInvoker$MethodInvocationAgent.invoke(TestInvoker.java:824)
	at org.testng.internal.TestInvoker.invokeTestMethods(TestInvoker.java:146)
	at org.testng.internal.TestMethodWorker.invokeTestMethods(TestMethodWorker.java:146)
	at org.testng.internal.TestMethodWorker.run(TestMethodWorker.java:128)
	at java.base/java.util.ArrayList.forEach(ArrayList.java:1511)
	at org.testng.TestRunner.privateRun(TestRunner.java:794)
	at org.testng.TestRunner.run(TestRunner.java:596)
	at org.testng.SuiteRunner.runTest(SuiteRunner.java:377)
	at org.testng.SuiteRunner.runSequentially(SuiteRunner.java:371)
	at org.testng.SuiteRunner.privateRun(SuiteRunner.java:332)
	at org.testng.SuiteRunner.run(SuiteRunner.java:276)
	at org.testng.SuiteRunnerWorker.runSuite(SuiteRunnerWorker.java:53)
	at org.testng.SuiteRunnerWorker.run(SuiteRunnerWorker.java:96)
	at org.testng.TestNG.runSuitesSequentially(TestNG.java:1212)
	at org.testng.TestNG.runSuitesLocally(TestNG.java:1134)
	at org.testng.TestNG.runSuites(TestNG.java:1063)
	at org.testng.TestNG.run(TestNG.java:1031)
	at org.testng.remote.AbstractRemoteTestNG.run(AbstractRemoteTestNG.java:115)
	at org.testng.remote.RemoteTestNG.initAndRun(RemoteTestNG.java:251)
	at org.testng.remote.RemoteTestNG.main(RemoteTestNG.java:77)
</pre></div><a href='#' onClick='toggleBox("stack-trace1227903899", this, "Click to show all stack frames", "Click to hide stack frames")'>Click to show all stack frames</a>
<div class='stack-trace' id='stack-trace1227903899'><pre>org.openqa.selenium.NoSuchElementException: no such element: Unable to locate element: {&quot;method&quot;:&quot;css selector&quot;,&quot;selector&quot;:&quot;#\/\/textarea\[\@name\=\&apos;message\&apos;\]&quot;}
  (Session info: chrome=121.0.6167.140)
For documentation on this error, please visit: https://www.selenium.dev/documentation/webdriver/troubleshooting/errors#no-such-element-exception
Build info: version: &apos;4.15.0&apos;, revision: &apos;1d14b5521b&apos;
System info: os.name: &apos;Windows 11&apos;, os.arch: &apos;amd64&apos;, os.version: &apos;10.0&apos;, java.version: &apos;17.0.8.1&apos;
Driver info: org.openqa.selenium.chrome.ChromeDriver
Command: [348e288da36927872836a9606e46e4ed, findElement {using=id, value=//textarea[@name=&apos;message&apos;]}]
Capabilities {acceptInsecureCerts: false, browserName: chrome, browserVersion: 121.0.6167.140, chrome: {chromedriverVersion: 121.0.6167.85 (3f98d690ad7e..., userDataDir: C:\Users\user\AppData\Local...}, fedcm:accounts: true, goog:chromeOptions: {debuggerAddress: localhost:55328}, networkConnectionEnabled: false, pageLoadStrategy: normal, platformName: windows, proxy: Proxy(), se:cdp: ws://localhost:55328/devtoo..., se:cdpVersion: 121.0.6167.140, setWindowRect: true, strictFileInteractability: false, timeouts: {implicit: 0, pageLoad: 300000, script: 30000}, unhandledPromptBehavior: dismiss and notify, webauthn:extension:credBlob: true, webauthn:extension:largeBlob: true, webauthn:extension:minPinLength: true, webauthn:extension:prf: true, webauthn:virtualAuthenticators: true}
Session ID: 348e288da36927872836a9606e46e4ed
	at java.base/jdk.internal.reflect.NativeConstructorAccessorImpl.newInstance0(Native Method)
	at java.base/jdk.internal.reflect.NativeConstructorAccessorImpl.newInstance(NativeConstructorAccessorImpl.java:77)
	at java.base/jdk.internal.reflect.DelegatingConstructorAccessorImpl.newInstance(DelegatingConstructorAccessorImpl.java:45)
	at java.base/java.lang.reflect.Constructor.newInstanceWithCaller(Constructor.java:499)
	at java.base/java.lang.reflect.Constructor.newInstance(Constructor.java:480)
	at org.openqa.selenium.remote.codec.w3c.W3CHttpResponseCodec.createException(W3CHttpResponseCodec.java:200)
	at org.openqa.selenium.remote.codec.w3c.W3CHttpResponseCodec.decode(W3CHttpResponseCodec.java:133)
	at org.openqa.selenium.remote.codec.w3c.W3CHttpResponseCodec.decode(W3CHttpResponseCodec.java:52)
	at org.openqa.selenium.remote.HttpCommandExecutor.execute(HttpCommandExecutor.java:191)
	at org.openqa.selenium.remote.service.DriverCommandExecutor.invokeExecute(DriverCommandExecutor.java:200)
	at org.openqa.selenium.remote.service.DriverCommandExecutor.execute(DriverCommandExecutor.java:175)
	at org.openqa.selenium.remote.RemoteWebDriver.execute(RemoteWebDriver.java:607)
	at org.openqa.selenium.remote.ElementLocation$ElementFinder$2.findElement(ElementLocation.java:165)
	at org.openqa.selenium.remote.ElementLocation.findElement(ElementLocation.java:59)
	at org.openqa.selenium.remote.RemoteWebDriver.findElement(RemoteWebDriver.java:364)
	at org.openqa.selenium.remote.RemoteWebDriver.findElement(RemoteWebDriver.java:358)
	at Internship_Project_2.Project_2.Testcase15(Project_2.java:1258)
	at Internship_Project_2.Project_2_main.Testcase15(Project_2_main.java:126)
	at java.base/jdk.internal.reflect.NativeMethodAccessorImpl.invoke0(Native Method)
	at java.base/jdk.internal.reflect.NativeMethodAccessorImpl.invoke(NativeMethodAccessorImpl.java:77)
	at java.base/jdk.internal.reflect.DelegatingMethodAccessorImpl.invoke(DelegatingMethodAccessorImpl.java:43)
	at java.base/java.lang.reflect.Method.invoke(Method.java:568)
	at org.testng.internal.MethodInvocationHelper.invokeMethod(MethodInvocationHelper.java:133)
	at org.testng.internal.TestInvoker.invokeMethod(TestInvoker.java:598)
	at org.testng.internal.TestInvoker.invokeTestMethod(TestInvoker.java:173)
	at org.testng.internal.MethodRunner.runInSequence(MethodRunner.java:46)
	at org.testng.internal.TestInvoker$MethodInvocationAgent.invoke(TestInvoker.java:824)
	at org.testng.internal.TestInvoker.invokeTestMethods(TestInvoker.java:146)
	at org.testng.internal.TestMethodWorker.invokeTestMethods(TestMethodWorker.java:146)
	at org.testng.internal.TestMethodWorker.run(TestMethodWorker.java:128)
	at java.base/java.util.ArrayList.forEach(ArrayList.java:1511)
	at org.testng.TestRunner.privateRun(TestRunner.java:794)
	at org.testng.TestRunner.run(TestRunner.java:596)
	at org.testng.SuiteRunner.runTest(SuiteRunner.java:377)
	at org.testng.SuiteRunner.runSequentially(SuiteRunner.java:371)
	at org.testng.SuiteRunner.privateRun(SuiteRunner.java:332)
	at org.testng.SuiteRunner.run(SuiteRunner.java:276)
	at org.testng.SuiteRunnerWorker.runSuite(SuiteRunnerWorker.java:53)
	at org.testng.SuiteRunnerWorker.run(SuiteRunnerWorker.java:96)
	at org.testng.TestNG.runSuitesSequentially(TestNG.java:1212)
	at org.testng.TestNG.runSuitesLocally(TestNG.java:1134)
	at org.testng.TestNG.runSuites(TestNG.java:1063)
	at org.testng.TestNG.run(TestNG.java:1031)
	at org.testng.remote.AbstractRemoteTestNG.run(AbstractRemoteTestNG.java:115)
	at org.testng.remote.RemoteTestNG.initAndRun(RemoteTestNG.java:251)
	at org.testng.remote.RemoteTestNG.main(RemoteTestNG.java:77)
</pre></div></td>
<td>52</td>
<td>Internship_Project_2.Project_2_main@53ce1329</td></tr>
</table><p>
<table width='100%' border='1' class='invocation-passed'>
<tr><td colspan='4' align='center'><b>PASSED TESTS</b></td></tr>
<tr><td><b>Test method</b></td>
<td width="30%"><b>Exception</b></td>
<td width="10%"><b>Time (seconds)</b></td>
<td><b>Instance</b></td>
</tr>
<tr>
<td title='Internship_Project_2.Project_2_main.Testcase2()'><b>Testcase2</b><br>Test class: Internship_Project_2.Project_2_main</td>
<td></td>
<td>0</td>
<td>Internship_Project_2.Project_2_main@53ce1329</td></tr>
<tr>
<td title='Internship_Project_2.Project_2_main.Testcase18()'><b>Testcase18</b><br>Test class: Internship_Project_2.Project_2_main</td>
<td></td>
<td>0</td>
<td>Internship_Project_2.Project_2_main@53ce1329</td></tr>
<tr>
<td title='Internship_Project_2.Project_2_main.Testcase21()'><b>Testcase21</b><br>Test class: Internship_Project_2.Project_2_main</td>
<td></td>
<td>0</td>
<td>Internship_Project_2.Project_2_main@53ce1329</td></tr>
<tr>
<td title='Internship_Project_2.Project_2_main.Testcase8()'><b>Testcase8</b><br>Test class: Internship_Project_2.Project_2_main</td>
<td></td>
<td>0</td>
<td>Internship_Project_2.Project_2_main@53ce1329</td></tr>
<tr>
<td title='Internship_Project_2.Project_2_main.Testcase11()'><b>Testcase11</b><br>Test class: Internship_Project_2.Project_2_main</td>
<td></td>
<td>0</td>
<td>Internship_Project_2.Project_2_main@53ce1329</td></tr>
<tr>
<td title='Internship_Project_2.Project_2_main.Testcase13()'><b>Testcase13</b><br>Test class: Internship_Project_2.Project_2_main</td>
<td></td>
<td>0</td>
<td>Internship_Project_2.Project_2_main@53ce1329</td></tr>
<tr>
<td title='Internship_Project_2.Project_2_main.Testcase3()'><b>Testcase3</b><br>Test class: Internship_Project_2.Project_2_main</td>
<td></td>
<td>0</td>
<td>Internship_Project_2.Project_2_main@53ce1329</td></tr>
<tr>
<td title='Internship_Project_2.Project_2_main.Testcase22()'><b>Testcase22</b><br>Test class: Internship_Project_2.Project_2_main</td>
<td></td>
<td>0</td>
<td>Internship_Project_2.Project_2_main@53ce1329</td></tr>
<tr>
<td title='Internship_Project_2.Project_2_main.Testcase6()'><b>Testcase6</b><br>Test class: Internship_Project_2.Project_2_main</td>
<td></td>
<td>0</td>
<td>Internship_Project_2.Project_2_main@53ce1329</td></tr>
<tr>
<td title='Internship_Project_2.Project_2_main.Testcase7()'><b>Testcase7</b><br>Test class: Internship_Project_2.Project_2_main</td>
<td></td>
<td>0</td>
<td>Internship_Project_2.Project_2_main@53ce1329</td></tr>
<tr>
<td title='Internship_Project_2.Project_2_main.Testcase25()'><b>Testcase25</b><br>Test class: Internship_Project_2.Project_2_main</td>
<td></td>
<td>0</td>
<td>Internship_Project_2.Project_2_main@53ce1329</td></tr>
<tr>
<td title='Internship_Project_2.Project_2_main.Testcase26()'><b>Testcase26</b><br>Test class: Internship_Project_2.Project_2_main</td>
<td></td>
<td>0</td>
<td>Internship_Project_2.Project_2_main@53ce1329</td></tr>
<tr>
<td title='Internship_Project_2.Project_2_main.Testcase17()'><b>Testcase17</b><br>Test class: Internship_Project_2.Project_2_main</td>
<td></td>
<td>0</td>
<td>Internship_Project_2.Project_2_main@53ce1329</td></tr>
<tr>
<td title='Internship_Project_2.Project_2_main.Testcase19()'><b>Testcase19</b><br>Test class: Internship_Project_2.Project_2_main</td>
<td></td>
<td>0</td>
<td>Internship_Project_2.Project_2_main@53ce1329</td></tr>
<tr>
<td title='Internship_Project_2.Project_2_main.Testcase9()'><b>Testcase9</b><br>Test class: Internship_Project_2.Project_2_main</td>
<td></td>
<td>0</td>
<td>Internship_Project_2.Project_2_main@53ce1329</td></tr>
<tr>
<td title='Internship_Project_2.Project_2_main.Testcase1()'><b>Testcase1</b><br>Test class: Internship_Project_2.Project_2_main</td>
<td></td>
<td>0</td>
<td>Internship_Project_2.Project_2_main@53ce1329</td></tr>
<tr>
<td title='Internship_Project_2.Project_2_main.Testcase12()'><b>Testcase12</b><br>Test class: Internship_Project_2.Project_2_main</td>
<td></td>
<td>0</td>
<td>Internship_Project_2.Project_2_main@53ce1329</td></tr>
<tr>
<td title='Internship_Project_2.Project_2_main.Testcase10()'><b>Testcase10</b><br>Test class: Internship_Project_2.Project_2_main</td>
<td></td>
<td>0</td>
<td>Internship_Project_2.Project_2_main@53ce1329</td></tr>
<tr>
<td title='Internship_Project_2.Project_2_main.Testcase14()'><b>Testcase14</b><br>Test class: Internship_Project_2.Project_2_main</td>
<td></td>
<td>0</td>
<td>Internship_Project_2.Project_2_main@53ce1329</td></tr>
<tr>
<td title='Internship_Project_2.Project_2_main.Testcase5()'><b>Testcase5</b><br>Test class: Internship_Project_2.Project_2_main</td>
<td></td>
<td>0</td>
<td>Internship_Project_2.Project_2_main@53ce1329</td></tr>
<tr>
<td title='Internship_Project_2.Project_2_main.Testcase4()'><b>Testcase4</b><br>Test class: Internship_Project_2.Project_2_main</td>
<td></td>
<td>0</td>
<td>Internship_Project_2.Project_2_main@53ce1329</td></tr>
</table><p>
</body>
</html>